#
# A fatal error has been detected by the Java Runtime Environment:
#
#  EXCEPTION_ACCESS_VIOLATION (0xc0000005) at pc=0x0000000074fb33d0, pid=10448, tid=0x0000000000005dc0
#
# JRE version: OpenJDK Runtime Environment (8.0_242-b01) (build 1.8.0_242-release-1644-b01)
# Java VM: OpenJDK 64-Bit Server VM (25.242-b01 mixed mode windows-amd64 compressed oops)
# Problematic frame:
# V  [jvm.dll+0x4733d0]
#
# Failed to write core dump. Minidumps are not enabled by default on client versions of Windows
#
# If you would like to submit a bug report, please visit:
#   
#

---------------  T H R E A D  ---------------

Current thread (0x0000000017b54800):  JavaThread "C2 CompilerThread1" daemon [_thread_in_native, id=24000, stack(0x00000000192c0000,0x00000000193c0000)]

siginfo: ExceptionCode=0xc0000005, reading address 0xffffffffffffffff

Registers:
RAX=0x0000000000000000, RBX=0x000000002b72b310, RCX=0x004000007530f750, RDX=0x0000000000000000
RSP=0x00000000193bc100, RBP=0x0000000000000022, RSI=0x0000000000000110, RDI=0x00000000193bc150
R8 =0x000000002b75b290, R9 =0x000000001e890a80, R10=0x0000000074b40000, R11=0x00000000193bc020
R12=0x000000007530f750, R13=0x0000000074b40000, R14=0x000000001adf7f18, R15=0x00000000000003d8
RIP=0x0000000074fb33d0, EFLAGS=0x0000000000010246

Top of Stack: (sp=0x00000000193bc100)
0x00000000193bc100:   00000000193be8d0 000000002b7097b0
0x00000000193bc110:   fffffffffffffff8 0000000017b05e70
0x00000000193bc120:   00000000000037ea 0000000074fae49f
0x00000000193bc130:   000000002b72b310 000000002b72b310
0x00000000193bc140:   00000000000037ea 00000000193bc230
0x00000000193bc150:   0000000000000000 0000000000000008
0x00000000193bc160:   004000007530f750 0000000000000000
0x00000000193bc170:   000000002a7ae2c0 0000000000000048
0x00000000193bc180:   000000002b75b290 00000000193bc520
0x00000000193bc190:   000000001adf7b40 00000000193bc520
0x00000000193bc1a0:   000000001adf7b30 0000000074f7ac11
0x00000000193bc1b0:   0000000000000000 00000000193bc2b0
0x00000000193bc1c0:   0000000000000000 0000000000000006
0x00000000193bc1d0:   0000000000000006 000000001adf7b30
0x00000000193bc1e0:   000000001e888fb0 000000001e890f40
0x00000000193bc1f0:   000000001e890f98 0000000001538da0 

Instructions: (pc=0x0000000074fb33d0)
0x0000000074fb33b0:   48 8b 4f 20 48 39 04 0e 0f 84 9d 00 00 00 48 8b
0x0000000074fb33c0:   0c 0e 33 d2 33 c0 48 89 4f 10 66 0f 1f 44 00 00
0x0000000074fb33d0:   83 3c 08 00 0f 85 36 01 00 00 ff c2 48 83 c0 04
0x0000000074fb33e0:   83 fa 08 72 eb 48 8b 47 30 48 89 44 24 30 48 85 


Register to memory mapping:

RAX=0x0000000000000000 is an unknown value
RBX=0x000000002b72b310 is an unknown value
RCX=0x004000007530f750 is an unknown value
RDX=0x0000000000000000 is an unknown value
RSP=0x00000000193bc100 is pointing into the stack for thread: 0x0000000017b54800
RBP=0x0000000000000022 is an unknown value
RSI=0x0000000000000110 is an unknown value
RDI=0x00000000193bc150 is pointing into the stack for thread: 0x0000000017b54800
R8 =0x000000002b75b290 is an unknown value
R9 =0x000000001e890a80 is an unknown value
R10=0x0000000074b40000 is an unknown value
R11=0x00000000193bc020 is pointing into the stack for thread: 0x0000000017b54800
R12=0x000000007530f750 is an unknown value
R13=0x0000000074b40000 is an unknown value
R14=0x000000001adf7f18 is an unknown value
R15=0x00000000000003d8 is an unknown value


Stack: [0x00000000192c0000,0x00000000193c0000],  sp=0x00000000193bc100,  free space=1008k
Native frames: (J=compiled Java code, j=interpreted, Vv=VM code, C=native code)
V  [jvm.dll+0x4733d0]
V  [jvm.dll+0x46e49f]
V  [jvm.dll+0x43ac11]
V  [jvm.dll+0x4456ab]
V  [jvm.dll+0x447fa8]
V  [jvm.dll+0x42b072]
V  [jvm.dll+0x8230f]
V  [jvm.dll+0x82c7f]
V  [jvm.dll+0x220b7f]
V  [jvm.dll+0x27276a]
C  [msvcr100.dll+0x21d9f]
C  [msvcr100.dll+0x21e3b]
C  [KERNEL32.DLL+0x17974]
C  [ntdll.dll+0x6a271]


Current CompileTask:
C2:  33117 5813       4       com.sun.beans.TypeResolver::resolve (37 bytes)


---------------  P R O C E S S  ---------------

Java Threads: ( => current thread )
  0x00000000209af000 JavaThread "Cache worker for execution history cache (F:\AndroidStudioProjects\AAD-STP-B2\HelloToast2\.gradle\6.5\executionHistory)" [_thread_blocked, id=23324, stack(0x000000002ba70000,0x000000002bb70000)]
  0x0000000020b70800 JavaThread "jar transforms Thread 92" [_thread_blocked, id=24772, stack(0x0000000029410000,0x0000000029510000)]
  0x0000000020b74000 JavaThread "jar transforms Thread 91" [_thread_blocked, id=16040, stack(0x0000000029310000,0x0000000029410000)]
  0x0000000020b72000 JavaThread "jar transforms Thread 90" [_thread_blocked, id=7412, stack(0x0000000029210000,0x0000000029310000)]
  0x0000000020b68800 JavaThread "jar transforms Thread 89" [_thread_blocked, id=20844, stack(0x0000000029110000,0x0000000029210000)]
  0x0000000020b6f800 JavaThread "jar transforms Thread 88" [_thread_blocked, id=22636, stack(0x0000000029010000,0x0000000029110000)]
  0x0000000020b6e000 JavaThread "jar transforms Thread 87" [_thread_blocked, id=20796, stack(0x0000000028f10000,0x0000000029010000)]
  0x0000000020b68000 JavaThread "jar transforms Thread 86" [_thread_blocked, id=25380, stack(0x0000000028e10000,0x0000000028f10000)]
  0x0000000020b6d800 JavaThread "jar transforms Thread 85" [_thread_blocked, id=2540, stack(0x0000000028d10000,0x0000000028e10000)]
  0x0000000020b6f000 JavaThread "jar transforms Thread 84" [_thread_blocked, id=23284, stack(0x0000000028c10000,0x0000000028d10000)]
  0x0000000020b6c800 JavaThread "jar transforms Thread 83" [_thread_blocked, id=16144, stack(0x0000000028b10000,0x0000000028c10000)]
  0x0000000020b67000 JavaThread "jar transforms Thread 82" [_thread_blocked, id=25436, stack(0x0000000028a10000,0x0000000028b10000)]
  0x0000000020b6c000 JavaThread "jar transforms Thread 81" [_thread_blocked, id=24812, stack(0x0000000028910000,0x0000000028a10000)]
  0x0000000020b6b000 JavaThread "jar transforms Thread 80" [_thread_blocked, id=23188, stack(0x0000000028810000,0x0000000028910000)]
  0x0000000020b65000 JavaThread "jar transforms Thread 79" [_thread_blocked, id=13740, stack(0x0000000028710000,0x0000000028810000)]
  0x0000000020b66800 JavaThread "jar transforms Thread 78" [_thread_blocked, id=24364, stack(0x0000000028610000,0x0000000028710000)]
  0x0000000020b69800 JavaThread "jar transforms Thread 77" [_thread_blocked, id=12916, stack(0x0000000028510000,0x0000000028610000)]
  0x0000000020b6a800 JavaThread "jar transforms Thread 76" [_thread_blocked, id=24912, stack(0x0000000028410000,0x0000000028510000)]
  0x0000000020b65800 JavaThread "jar transforms Thread 75" [_thread_blocked, id=18312, stack(0x0000000028310000,0x0000000028410000)]
  0x0000000020f47800 JavaThread "jar transforms Thread 74" [_thread_blocked, id=24016, stack(0x0000000028210000,0x0000000028310000)]
  0x0000000020f47000 JavaThread "jar transforms Thread 73" [_thread_blocked, id=25240, stack(0x0000000028110000,0x0000000028210000)]
  0x0000000020f46000 JavaThread "jar transforms Thread 72" [_thread_blocked, id=23376, stack(0x0000000027e20000,0x0000000027f20000)]
  0x0000000020f44000 JavaThread "jar transforms Thread 71" [_thread_blocked, id=3244, stack(0x0000000027d20000,0x0000000027e20000)]
  0x0000000020f4b000 JavaThread "jar transforms Thread 70" [_thread_blocked, id=13884, stack(0x0000000027c20000,0x0000000027d20000)]
  0x0000000020f48800 JavaThread "jar transforms Thread 69" [_thread_blocked, id=24540, stack(0x0000000027b20000,0x0000000027c20000)]
  0x0000000020f45800 JavaThread "jar transforms Thread 68" [_thread_blocked, id=24352, stack(0x0000000027a20000,0x0000000027b20000)]
  0x0000000020f4a000 JavaThread "jar transforms Thread 67" [_thread_blocked, id=21944, stack(0x0000000027920000,0x0000000027a20000)]
  0x0000000020f49800 JavaThread "jar transforms Thread 66" [_thread_blocked, id=4092, stack(0x0000000027820000,0x0000000027920000)]
  0x0000000020f44800 JavaThread "jar transforms Thread 65" [_thread_blocked, id=16596, stack(0x0000000027720000,0x0000000027820000)]
  0x0000000020f3c800 JavaThread "jar transforms Thread 64" [_thread_blocked, id=24960, stack(0x0000000027620000,0x0000000027720000)]
  0x0000000020f3f800 JavaThread "jar transforms Thread 63" [_thread_blocked, id=24008, stack(0x0000000027520000,0x0000000027620000)]
  0x0000000020f43000 JavaThread "jar transforms Thread 62" [_thread_blocked, id=4068, stack(0x0000000027420000,0x0000000027520000)]
  0x0000000020f41800 JavaThread "jar transforms Thread 61" [_thread_blocked, id=24976, stack(0x0000000027320000,0x0000000027420000)]
  0x0000000020f3d000 JavaThread "jar transforms Thread 60" [_thread_blocked, id=25324, stack(0x0000000027220000,0x0000000027320000)]
  0x0000000020f41000 JavaThread "jar transforms Thread 59" [_thread_blocked, id=22688, stack(0x0000000027120000,0x0000000027220000)]
  0x0000000020f3b800 JavaThread "jar transforms Thread 58" [_thread_blocked, id=4164, stack(0x0000000027020000,0x0000000027120000)]
  0x0000000020f3e000 JavaThread "jar transforms Thread 57" [_thread_blocked, id=18240, stack(0x0000000026f20000,0x0000000027020000)]
  0x0000000020f3e800 JavaThread "jar transforms Thread 56" [_thread_blocked, id=24708, stack(0x0000000026e20000,0x0000000026f20000)]
  0x0000000020f42800 JavaThread "jar transforms Thread 55" [_thread_blocked, id=116, stack(0x0000000026d20000,0x0000000026e20000)]
  0x0000000020f40000 JavaThread "jar transforms Thread 54" [_thread_blocked, id=14456, stack(0x0000000026c20000,0x0000000026d20000)]
  0x000000001c1c2000 JavaThread "jar transforms Thread 53" [_thread_blocked, id=8648, stack(0x0000000026b20000,0x0000000026c20000)]
  0x000000001c1c4000 JavaThread "jar transforms Thread 52" [_thread_blocked, id=23988, stack(0x0000000026a20000,0x0000000026b20000)]
  0x000000001c1c0800 JavaThread "jar transforms Thread 51" [_thread_blocked, id=23624, stack(0x0000000026920000,0x0000000026a20000)]
  0x000000001c1c1000 JavaThread "jar transforms Thread 50" [_thread_blocked, id=25372, stack(0x0000000026820000,0x0000000026920000)]
  0x000000001c1c2800 JavaThread "jar transforms Thread 49" [_thread_blocked, id=25496, stack(0x0000000026720000,0x0000000026820000)]
  0x000000001c1bf800 JavaThread "jar transforms Thread 48" [_thread_blocked, id=20072, stack(0x0000000026620000,0x0000000026720000)]
  0x000000001c1c3800 JavaThread "jar transforms Thread 47" [_thread_blocked, id=25460, stack(0x0000000026520000,0x0000000026620000)]
  0x000000001c1bf000 JavaThread "jar transforms Thread 46" [_thread_blocked, id=24924, stack(0x0000000026420000,0x0000000026520000)]
  0x000000001c1be000 JavaThread "jar transforms Thread 45" [_thread_blocked, id=16704, stack(0x0000000026320000,0x0000000026420000)]
  0x000000001c1b6800 JavaThread "jar transforms Thread 44" [_thread_blocked, id=21636, stack(0x0000000026220000,0x0000000026320000)]
  0x000000001c1bd800 JavaThread "jar transforms Thread 43" [_thread_blocked, id=24496, stack(0x0000000026120000,0x0000000026220000)]
  0x000000001c1bc800 JavaThread "jar transforms Thread 42" [_thread_blocked, id=24444, stack(0x0000000026020000,0x0000000026120000)]
  0x000000001c1b5000 JavaThread "jar transforms Thread 41" [_thread_blocked, id=24984, stack(0x0000000025f20000,0x0000000026020000)]
  0x000000001c1b8000 JavaThread "jar transforms Thread 40" [_thread_blocked, id=21684, stack(0x0000000025e20000,0x0000000025f20000)]
  0x000000001c1b7800 JavaThread "jar transforms Thread 39" [_thread_blocked, id=9848, stack(0x0000000025d20000,0x0000000025e20000)]
  0x000000001c1bc000 JavaThread "jar transforms Thread 38" [_thread_blocked, id=23276, stack(0x0000000025c20000,0x0000000025d20000)]
  0x000000001c1b6000 JavaThread "jar transforms Thread 37" [_thread_blocked, id=25492, stack(0x0000000025b20000,0x0000000025c20000)]
  0x000000001c1b9000 JavaThread "jar transforms Thread 36" [_thread_blocked, id=24228, stack(0x0000000025a20000,0x0000000025b20000)]
  0x000000001c1ba800 JavaThread "jar transforms Thread 35" [_thread_blocked, id=21372, stack(0x0000000025920000,0x0000000025a20000)]
  0x000000001c1bb000 JavaThread "jar transforms Thread 34" [_thread_blocked, id=24368, stack(0x0000000025820000,0x0000000025920000)]
  0x000000001c1b9800 JavaThread "jar transforms Thread 33" [_thread_blocked, id=24932, stack(0x0000000025720000,0x0000000025820000)]
  0x000000001e3b5800 JavaThread "jar transforms Thread 32" [_thread_blocked, id=22128, stack(0x0000000025620000,0x0000000025720000)]
  0x000000001e3b3800 JavaThread "jar transforms Thread 31" [_thread_blocked, id=22532, stack(0x0000000025520000,0x0000000025620000)]
  0x000000001e3b6800 JavaThread "jar transforms Thread 30" [_thread_blocked, id=24260, stack(0x0000000025420000,0x0000000025520000)]
  0x000000001e3b2800 JavaThread "jar transforms Thread 29" [_thread_blocked, id=16068, stack(0x0000000025320000,0x0000000025420000)]
  0x000000001e3b9800 JavaThread "jar transforms Thread 28" [_thread_blocked, id=17436, stack(0x0000000025220000,0x0000000025320000)]
  0x000000001e3b7000 JavaThread "jar transforms Thread 27" [_thread_blocked, id=6168, stack(0x0000000025120000,0x0000000025220000)]
  0x000000001e3b4000 JavaThread "jar transforms Thread 26" [_thread_blocked, id=24556, stack(0x0000000025020000,0x0000000025120000)]
  0x000000001e3b5000 JavaThread "jar transforms Thread 25" [_thread_blocked, id=22664, stack(0x0000000024f20000,0x0000000025020000)]
  0x000000001e3b8800 JavaThread "jar transforms Thread 24" [_thread_blocked, id=23936, stack(0x0000000024e20000,0x0000000024f20000)]
  0x000000001e3b8000 JavaThread "jar transforms Thread 23" [_thread_blocked, id=25192, stack(0x0000000024d20000,0x0000000024e20000)]
  0x000000001e3b2000 JavaThread "jar transforms Thread 22" [_thread_blocked, id=23772, stack(0x0000000024c20000,0x0000000024d20000)]
  0x000000001e3af800 JavaThread "jar transforms Thread 21" [_thread_blocked, id=23968, stack(0x0000000024b20000,0x0000000024c20000)]
  0x000000001e3aa000 JavaThread "Build operations Thread 4" [_thread_blocked, id=19140, stack(0x0000000024580000,0x0000000024680000)]
  0x000000001e3af000 JavaThread "Build operations Thread 3" [_thread_blocked, id=9332, stack(0x0000000024480000,0x0000000024580000)]
  0x000000001e3ab800 JavaThread "Build operations Thread 2" [_thread_blocked, id=24760, stack(0x0000000024380000,0x0000000024480000)]
  0x000000001e3b0800 JavaThread "Build operations" [_thread_blocked, id=23652, stack(0x0000000024280000,0x0000000024380000)]
  0x000000001e3ae000 JavaThread "Cache worker for Build Output Cleanup Cache (F:\AndroidStudioProjects\AAD-STP-B2\HelloToast2\.gradle\buildOutputCleanup)" [_thread_blocked, id=25276, stack(0x0000000023d80000,0x0000000023e80000)]
  0x000000001e858800 JavaThread "Cache worker for file content cache (C:\Users\Sai Sankar\.gradle\caches\6.5\fileContent)" [_thread_blocked, id=24076, stack(0x0000000023480000,0x0000000023580000)]
  0x000000001e855800 JavaThread "Cache worker for execution history cache (C:\Users\Sai Sankar\.gradle\caches\6.5\executionHistory)" [_thread_blocked, id=25452, stack(0x0000000023180000,0x0000000023280000)]
  0x000000001e853000 JavaThread "Cache worker for cache directory md-rule (C:\Users\Sai Sankar\.gradle\caches\6.5\md-rule)" [_thread_blocked, id=25480, stack(0x0000000023080000,0x0000000023180000)]
  0x000000001e852800 JavaThread "Cache worker for cache directory md-supplier (C:\Users\Sai Sankar\.gradle\caches\6.5\md-supplier)" [_thread_blocked, id=20312, stack(0x0000000022f80000,0x0000000023080000)]
  0x000000001e854000 JavaThread "Cache worker for checksums cache (F:\AndroidStudioProjects\AAD-STP-B2\HelloToast2\.gradle\checksums)" [_thread_blocked, id=22056, stack(0x0000000022e80000,0x0000000022f80000)]
  0x000000001e854800 JavaThread "jar transforms Thread 20" [_thread_blocked, id=22256, stack(0x0000000022d80000,0x0000000022e80000)]
  0x000000001e857800 JavaThread "jar transforms Thread 19" [_thread_blocked, id=25012, stack(0x0000000022c80000,0x0000000022d80000)]
  0x000000001e851800 JavaThread "jar transforms Thread 18" [_thread_blocked, id=16380, stack(0x0000000022b80000,0x0000000022c80000)]
  0x000000001e84a000 JavaThread "jar transforms Thread 17" [_thread_blocked, id=13436, stack(0x0000000022a80000,0x0000000022b80000)]
  0x000000001e850000 JavaThread "jar transforms Thread 16" [_thread_blocked, id=23244, stack(0x0000000022980000,0x0000000022a80000)]
  0x000000001e851000 JavaThread "jar transforms Thread 15" [_thread_blocked, id=18784, stack(0x0000000022880000,0x0000000022980000)]
  0x000000001e84f800 JavaThread "jar transforms Thread 14" [_thread_blocked, id=21772, stack(0x0000000022780000,0x0000000022880000)]
  0x000000001e84e000 JavaThread "jar transforms Thread 13" [_thread_blocked, id=16160, stack(0x0000000022680000,0x0000000022780000)]
  0x000000001e84c800 JavaThread "jar transforms Thread 12" [_thread_blocked, id=25048, stack(0x0000000022580000,0x0000000022680000)]
  0x000000001e849800 JavaThread "jar transforms Thread 11" [_thread_blocked, id=20012, stack(0x0000000022480000,0x0000000022580000)]
  0x000000001e84b000 JavaThread "jar transforms Thread 10" [_thread_blocked, id=23264, stack(0x0000000022380000,0x0000000022480000)]
  0x000000001e84d000 JavaThread "jar transforms Thread 9" [_thread_blocked, id=20192, stack(0x0000000022280000,0x0000000022380000)]
  0x000000001e84e800 JavaThread "jar transforms Thread 8" [_thread_blocked, id=25280, stack(0x0000000022180000,0x0000000022280000)]
  0x000000001e84b800 JavaThread "jar transforms Thread 7" [_thread_blocked, id=23984, stack(0x0000000022080000,0x0000000022180000)]
  0x0000000017b5d000 JavaThread "jar transforms Thread 6" [_thread_blocked, id=19996, stack(0x0000000021f80000,0x0000000022080000)]
  0x0000000017b5c800 JavaThread "jar transforms Thread 5" [_thread_blocked, id=16480, stack(0x0000000021e80000,0x0000000021f80000)]
  0x0000000017b5e800 JavaThread "jar transforms Thread 4" [_thread_blocked, id=13336, stack(0x0000000021d80000,0x0000000021e80000)]
  0x0000000017b5b800 JavaThread "jar transforms Thread 3" [_thread_blocked, id=25112, stack(0x0000000021c80000,0x0000000021d80000)]
  0x0000000017b5b000 JavaThread "jar transforms Thread 2" [_thread_blocked, id=25424, stack(0x0000000021b80000,0x0000000021c80000)]
  0x0000000017b5a000 JavaThread "jar transforms" [_thread_blocked, id=24108, stack(0x0000000021a80000,0x0000000021b80000)]
  0x0000000017b5e000 JavaThread "Cache worker for file hash cache (F:\AndroidStudioProjects\AAD-STP-B2\HelloToast2\.gradle\6.5\fileHashes)" [_thread_blocked, id=25468, stack(0x0000000021980000,0x0000000021a80000)]
  0x0000000017b60000 JavaThread "Cache worker for file hash cache (C:\Users\Sai Sankar\.gradle\caches\6.5\fileHashes)" [_thread_blocked, id=21264, stack(0x000000001dbe0000,0x000000001dce0000)]
  0x0000000017b59800 JavaThread "File lock request listener" [_thread_in_native, id=24996, stack(0x000000001dae0000,0x000000001dbe0000)]
  0x000000001980c800 JavaThread "Cache worker for journal cache (C:\Users\Sai Sankar\.gradle\caches\journal-1)" [_thread_blocked, id=25176, stack(0x000000001d8e0000,0x000000001d9e0000)]
  0x0000000019784000 JavaThread "Thread-9" [_thread_blocked, id=23892, stack(0x000000001d5e0000,0x000000001d6e0000)]
  0x0000000019783000 JavaThread "Stdin handler" [_thread_blocked, id=21672, stack(0x000000001d4e0000,0x000000001d5e0000)]
  0x000000001977f000 JavaThread "Asynchronous log dispatcher for DefaultDaemonConnection: socket connection from /127.0.0.1:51508 to /127.0.0.1:51509" [_thread_blocked, id=24344, stack(0x000000001d3e0000,0x000000001d4e0000)]
  0x000000001a35e000 JavaThread "Daemon worker" [_thread_in_vm, id=15852, stack(0x000000001d2e0000,0x000000001d3e0000)]
  0x000000001a4b7800 JavaThread "Cancel handler" [_thread_blocked, id=14332, stack(0x000000001d1e0000,0x000000001d2e0000)]
  0x000000001aecf800 JavaThread "Handler for socket connection from /127.0.0.1:51508 to /127.0.0.1:51509" [_thread_in_native, id=23852, stack(0x000000001d0e0000,0x000000001d1e0000)]
  0x000000001b0af000 JavaThread "Daemon" [_thread_blocked, id=23784, stack(0x000000001cde0000,0x000000001cee0000)]
  0x000000001b1d4000 JavaThread "Daemon periodic checks" [_thread_blocked, id=21276, stack(0x000000001cce0000,0x000000001cde0000)]
  0x000000001b324800 JavaThread "Incoming local TCP Connector on port 51508" [_thread_in_native, id=1780, stack(0x000000001caa0000,0x000000001cba0000)]
  0x000000001b211800 JavaThread "Daemon health stats" [_thread_blocked, id=20888, stack(0x000000001c460000,0x000000001c560000)]
  0x0000000019500000 JavaThread "Service Thread" daemon [_thread_blocked, id=21656, stack(0x00000000198c0000,0x00000000199c0000)]
  0x0000000017b5f800 JavaThread "C1 CompilerThread2" daemon [_thread_blocked, id=23768, stack(0x00000000193c0000,0x00000000194c0000)]
=>0x0000000017b54800 JavaThread "C2 CompilerThread1" daemon [_thread_in_native, id=24000, stack(0x00000000192c0000,0x00000000193c0000)]
  0x0000000017b44800 JavaThread "C2 CompilerThread0" daemon [_thread_in_native, id=1104, stack(0x00000000191c0000,0x00000000192c0000)]
  0x0000000017b43000 JavaThread "Attach Listener" daemon [_thread_blocked, id=17276, stack(0x00000000190c0000,0x00000000191c0000)]
  0x0000000017b41800 JavaThread "Signal Dispatcher" daemon [_thread_blocked, id=16972, stack(0x0000000018fc0000,0x00000000190c0000)]
  0x0000000002f1b800 JavaThread "Finalizer" daemon [_thread_blocked, id=21868, stack(0x0000000018dc0000,0x0000000018ec0000)]
  0x0000000017b29000 JavaThread "Reference Handler" daemon [_thread_blocked, id=24656, stack(0x0000000018cc0000,0x0000000018dc0000)]
  0x0000000002e1e800 JavaThread "main" [_thread_blocked, id=17192, stack(0x0000000002d00000,0x0000000002e00000)]

Other Threads:
  0x0000000017b06800 VMThread [stack: 0x0000000018bc0000,0x0000000018cc0000] [id=22184]
  0x0000000019501000 WatcherThread [stack: 0x00000000199c0000,0x0000000019ac0000] [id=15344]

VM state:not at safepoint (normal execution)

VM Mutex/Monitor currently owned by a thread: None

heap address: 0x0000000080000000, size: 2048 MB, Compressed Oops mode: 32-bit
Narrow klass base: 0x0000000000000000, Narrow klass shift: 3
Compressed class space size: 1073741824 Address: 0x0000000100000000

Heap:
 PSYoungGen      total 298496K, used 80606K [0x00000000d5580000, 0x00000000e9100000, 0x0000000100000000)
  eden space 277504K, 29% used [0x00000000d5580000,0x00000000da437a08,0x00000000e6480000)
  from space 20992K, 0% used [0x00000000e7900000,0x00000000e7900000,0x00000000e8d80000)
  to   space 20992K, 0% used [0x00000000e6480000,0x00000000e6480000,0x00000000e7900000)
 ParOldGen       total 90624K, used 32231K [0x0000000080000000, 0x0000000085880000, 0x00000000d5580000)
  object space 90624K, 35% used [0x0000000080000000,0x0000000081f79f40,0x0000000085880000)
 Metaspace       used 63211K, capacity 65898K, committed 66136K, reserved 1105920K
  class space    used 8525K, capacity 9072K, committed 9088K, reserved 1048576K

Card table byte_map: [0x00000000122e0000,0x00000000126f0000] byte_map_base: 0x0000000011ee0000

Marking Bits: (ParMarkBitMap*) 0x000000007530f030
 Begin Bits: [0x0000000012da0000, 0x0000000014da0000)
 End Bits:   [0x0000000014da0000, 0x0000000016da0000)

Polling page: 0x00000000014a0000

CodeCache: size=245760Kb used=18870Kb max_used=18870Kb free=226889Kb
 bounds [0x0000000002f20000, 0x00000000041b0000, 0x0000000011f20000]
 total_blobs=6227 nmethods=5424 adapters=714
 compilation: enabled

Compilation events (10 events):
Event: 32.746 Thread 0x0000000017b5f800 5952       1       org.gradle.tooling.internal.adapter.MethodInvocation::getName (5 bytes)
Event: 32.746 Thread 0x0000000017b5f800 nmethod 5952 0x00000000041587d0 code [0x0000000004158920, 0x0000000004158a30]
Event: 32.746 Thread 0x0000000017b5f800 5953       3       sun.reflect.ClassFileAssembler::opc_dup (11 bytes)
Event: 32.747 Thread 0x0000000017b5f800 nmethod 5953 0x0000000004158a90 code [0x0000000004158c20, 0x0000000004158f88]
Event: 32.747 Thread 0x0000000017b5f800 5954       3       sun.reflect.Label::add (23 bytes)
Event: 32.748 Thread 0x0000000017b5f800 nmethod 5954 0x0000000004159110 code [0x0000000004159280, 0x00000000041595e8]
Event: 32.748 Thread 0x0000000017b5f800 5955       3       sun.reflect.Label$PatchInfo::<init> (26 bytes)
Event: 32.748 Thread 0x0000000017b5f800 nmethod 5955 0x0000000004159790 code [0x00000000041598e0, 0x0000000004159ab0]
Event: 32.826 Thread 0x0000000017b44800 nmethod 5776 0x0000000004168150 code [0x0000000004168d20, 0x0000000004174330]
Event: 32.826 Thread 0x0000000017b44800 5817       4       org.codehaus.groovy.reflection.CachedMethod::compareTo (25 bytes)

GC Heap History (10 events):
Event: 14.082 GC heap before
{Heap before GC invocations=11 (full 2):
 PSYoungGen      total 137216K, used 10214K [0x00000000d5580000, 0x00000000e2e00000, 0x0000000100000000)
  eden space 126976K, 0% used [0x00000000d5580000,0x00000000d5580000,0x00000000dd180000)
  from space 10240K, 99% used [0x00000000dd180000,0x00000000ddb79b30,0x00000000ddb80000)
  to   space 12800K, 0% used [0x00000000e2180000,0x00000000e2180000,0x00000000e2e00000)
 ParOldGen       total 46080K, used 9615K [0x0000000080000000, 0x0000000082d00000, 0x00000000d5580000)
  object space 46080K, 20% used [0x0000000080000000,0x0000000080963fe0,0x0000000082d00000)
 Metaspace       used 34009K, capacity 35250K, committed 35416K, reserved 1079296K
  class space    used 4589K, capacity 4880K, committed 4992K, reserved 1048576K
Event: 14.245 GC heap after
Heap after GC invocations=11 (full 2):
 PSYoungGen      total 137216K, used 0K [0x00000000d5580000, 0x00000000e2e00000, 0x0000000100000000)
  eden space 126976K, 0% used [0x00000000d5580000,0x00000000d5580000,0x00000000dd180000)
  from space 10240K, 0% used [0x00000000dd180000,0x00000000dd180000,0x00000000ddb80000)
  to   space 12800K, 0% used [0x00000000e2180000,0x00000000e2180000,0x00000000e2e00000)
 ParOldGen       total 64512K, used 19313K [0x0000000080000000, 0x0000000083f00000, 0x00000000d5580000)
  object space 64512K, 29% used [0x0000000080000000,0x00000000812dc478,0x0000000083f00000)
 Metaspace       used 34009K, capacity 35250K, committed 35416K, reserved 1079296K
  class space    used 4589K, capacity 4880K, committed 4992K, reserved 1048576K
}
Event: 18.444 GC heap before
{Heap before GC invocations=12 (full 2):
 PSYoungGen      total 137216K, used 126976K [0x00000000d5580000, 0x00000000e2e00000, 0x0000000100000000)
  eden space 126976K, 100% used [0x00000000d5580000,0x00000000dd180000,0x00000000dd180000)
  from space 10240K, 0% used [0x00000000dd180000,0x00000000dd180000,0x00000000ddb80000)
  to   space 12800K, 0% used [0x00000000e2180000,0x00000000e2180000,0x00000000e2e00000)
 ParOldGen       total 64512K, used 19313K [0x0000000080000000, 0x0000000083f00000, 0x00000000d5580000)
  object space 64512K, 29% used [0x0000000080000000,0x00000000812dc478,0x0000000083f00000)
 Metaspace       used 41409K, capacity 43264K, committed 43352K, reserved 1087488K
  class space    used 5604K, capacity 5994K, committed 6016K, reserved 1048576K
Event: 18.489 GC heap after
Heap after GC invocations=12 (full 2):
 PSYoungGen      total 202240K, used 12411K [0x00000000d5580000, 0x00000000e2e00000, 0x0000000100000000)
  eden space 189440K, 0% used [0x00000000d5580000,0x00000000d5580000,0x00000000e0e80000)
  from space 12800K, 96% used [0x00000000e2180000,0x00000000e2d9ed40,0x00000000e2e00000)
  to   space 14336K, 0% used [0x00000000e1200000,0x00000000e1200000,0x00000000e2000000)
 ParOldGen       total 64512K, used 19321K [0x0000000080000000, 0x0000000083f00000, 0x00000000d5580000)
  object space 64512K, 29% used [0x0000000080000000,0x00000000812de478,0x0000000083f00000)
 Metaspace       used 41409K, capacity 43264K, committed 43352K, reserved 1087488K
  class space    used 5604K, capacity 5994K, committed 6016K, reserved 1048576K
}
Event: 27.077 GC heap before
{Heap before GC invocations=13 (full 2):
 PSYoungGen      total 202240K, used 201851K [0x00000000d5580000, 0x00000000e2e00000, 0x0000000100000000)
  eden space 189440K, 100% used [0x00000000d5580000,0x00000000e0e80000,0x00000000e0e80000)
  from space 12800K, 96% used [0x00000000e2180000,0x00000000e2d9ed40,0x00000000e2e00000)
  to   space 14336K, 0% used [0x00000000e1200000,0x00000000e1200000,0x00000000e2000000)
 ParOldGen       total 64512K, used 19321K [0x0000000080000000, 0x0000000083f00000, 0x00000000d5580000)
  object space 64512K, 29% used [0x0000000080000000,0x00000000812de478,0x0000000083f00000)
 Metaspace       used 55389K, capacity 57710K, committed 57944K, reserved 1099776K
  class space    used 7312K, capacity 7772K, committed 7808K, reserved 1048576K
Event: 27.161 GC heap after
Heap after GC invocations=13 (full 2):
 PSYoungGen      total 207360K, used 14323K [0x00000000d5580000, 0x00000000e8d80000, 0x0000000100000000)
  eden space 193024K, 0% used [0x00000000d5580000,0x00000000d5580000,0x00000000e1200000)
  from space 14336K, 99% used [0x00000000e1200000,0x00000000e1ffce40,0x00000000e2000000)
  to   space 20992K, 0% used [0x00000000e7900000,0x00000000e7900000,0x00000000e8d80000)
 ParOldGen       total 64512K, used 31302K [0x0000000080000000, 0x0000000083f00000, 0x00000000d5580000)
  object space 64512K, 48% used [0x0000000080000000,0x0000000081e91900,0x0000000083f00000)
 Metaspace       used 55389K, capacity 57710K, committed 57944K, reserved 1099776K
  class space    used 7312K, capacity 7772K, committed 7808K, reserved 1048576K
}
Event: 28.102 GC heap before
{Heap before GC invocations=14 (full 2):
 PSYoungGen      total 207360K, used 27884K [0x00000000d5580000, 0x00000000e8d80000, 0x0000000100000000)
  eden space 193024K, 7% used [0x00000000d5580000,0x00000000d62be4e8,0x00000000e1200000)
  from space 14336K, 99% used [0x00000000e1200000,0x00000000e1ffce40,0x00000000e2000000)
  to   space 20992K, 0% used [0x00000000e7900000,0x00000000e7900000,0x00000000e8d80000)
 ParOldGen       total 64512K, used 31302K [0x0000000080000000, 0x0000000083f00000, 0x00000000d5580000)
  object space 64512K, 48% used [0x0000000080000000,0x0000000081e91900,0x0000000083f00000)
 Metaspace       used 56452K, capacity 58810K, committed 58968K, reserved 1099776K
  class space    used 7451K, capacity 7942K, committed 8064K, reserved 1048576K
Event: 28.141 GC heap after
Heap after GC invocations=14 (full 2):
 PSYoungGen      total 298496K, used 1798K [0x00000000d5580000, 0x00000000e9100000, 0x0000000100000000)
  eden space 277504K, 0% used [0x00000000d5580000,0x00000000d5580000,0x00000000e6480000)
  from space 20992K, 8% used [0x00000000e7900000,0x00000000e7ac1850,0x00000000e8d80000)
  to   space 20992K, 0% used [0x00000000e6480000,0x00000000e6480000,0x00000000e7900000)
 ParOldGen       total 64512K, used 41824K [0x0000000080000000, 0x0000000083f00000, 0x00000000d5580000)
  object space 64512K, 64% used [0x0000000080000000,0x00000000828d8298,0x0000000083f00000)
 Metaspace       used 56452K, capacity 58810K, committed 58968K, reserved 1099776K
  class space    used 7451K, capacity 7942K, committed 8064K, reserved 1048576K
}
Event: 28.141 GC heap before
{Heap before GC invocations=15 (full 3):
 PSYoungGen      total 298496K, used 1798K [0x00000000d5580000, 0x00000000e9100000, 0x0000000100000000)
  eden space 277504K, 0% used [0x00000000d5580000,0x00000000d5580000,0x00000000e6480000)
  from space 20992K, 8% used [0x00000000e7900000,0x00000000e7ac1850,0x00000000e8d80000)
  to   space 20992K, 0% used [0x00000000e6480000,0x00000000e6480000,0x00000000e7900000)
 ParOldGen       total 64512K, used 41824K [0x0000000080000000, 0x0000000083f00000, 0x00000000d5580000)
  object space 64512K, 64% used [0x0000000080000000,0x00000000828d8298,0x0000000083f00000)
 Metaspace       used 56452K, capacity 58810K, committed 58968K, reserved 1099776K
  class space    used 7451K, capacity 7942K, committed 8064K, reserved 1048576K
Event: 28.544 GC heap after
Heap after GC invocations=15 (full 3):
 PSYoungGen      total 298496K, used 0K [0x00000000d5580000, 0x00000000e9100000, 0x0000000100000000)
  eden space 277504K, 0% used [0x00000000d5580000,0x00000000d5580000,0x00000000e6480000)
  from space 20992K, 0% used [0x00000000e7900000,0x00000000e7900000,0x00000000e8d80000)
  to   space 20992K, 0% used [0x00000000e6480000,0x00000000e6480000,0x00000000e7900000)
 ParOldGen       total 90624K, used 32231K [0x0000000080000000, 0x0000000085880000, 0x00000000d5580000)
  object space 90624K, 35% used [0x0000000080000000,0x0000000081f79f40,0x0000000085880000)
 Metaspace       used 56398K, capacity 58656K, committed 58968K, reserved 1099776K
  class space    used 7434K, capacity 7920K, committed 8064K, reserved 1048576K
}

Deoptimization events (10 events):
Event: 31.614 Thread 0x000000001a35e000 Uncommon trap: reason=unstable_if action=reinterpret pc=0x0000000003efc670 method=java.util.TreeMap.put(Ljava/lang/Object;Ljava/lang/Object;)Ljava/lang/Object; @ 163
Event: 31.632 Thread 0x000000001a35e000 Uncommon trap: reason=unstable_if action=reinterpret pc=0x0000000003a15da4 method=java.lang.AbstractStringBuilder.append(I)Ljava/lang/AbstractStringBuilder; @ 16
Event: 31.632 Thread 0x000000001a35e000 Uncommon trap: reason=unstable_if action=reinterpret pc=0x0000000003519d98 method=java.lang.Integer.getChars(II[C)V @ 7
Event: 32.030 Thread 0x000000001a35e000 Uncommon trap: reason=unstable_if action=reinterpret pc=0x0000000003d7cd2c method=java.lang.reflect.Proxy.isProxyClass(Ljava/lang/Class;)Z @ 6
Event: 32.030 Thread 0x000000001a35e000 Uncommon trap: reason=unstable_if action=reinterpret pc=0x0000000003a7d02c method=java.lang.reflect.Proxy.isProxyClass(Ljava/lang/Class;)Z @ 6
Event: 32.328 Thread 0x000000001a35e000 Uncommon trap: reason=speculate_class_check action=maybe_recompile pc=0x0000000003b512b8 method=com.google.common.collect.AbstractIndexedListIterator.next()Ljava/lang/Object; @ 27
Event: 32.330 Thread 0x000000001a35e000 Uncommon trap: reason=speculate_class_check action=maybe_recompile pc=0x0000000003b512b8 method=com.google.common.collect.AbstractIndexedListIterator.next()Ljava/lang/Object; @ 27
Event: 32.330 Thread 0x000000001a35e000 Uncommon trap: reason=speculate_class_check action=maybe_recompile pc=0x0000000003b512b8 method=com.google.common.collect.AbstractIndexedListIterator.next()Ljava/lang/Object; @ 27
Event: 32.330 Thread 0x000000001a35e000 Uncommon trap: reason=speculate_class_check action=maybe_recompile pc=0x0000000003b512b8 method=com.google.common.collect.AbstractIndexedListIterator.next()Ljava/lang/Object; @ 27
Event: 32.405 Thread 0x000000001a35e000 Uncommon trap: reason=class_check action=maybe_recompile pc=0x0000000003a21b1c method=java.util.Collections$SetFromMap.add(Ljava/lang/Object;)Z @ 8

Classes redefined (0 events):
No events

Internal exceptions (10 events):
Event: 32.162 Thread 0x0000000019784000 Exception <a 'java/lang/NoSuchMethodError': <clinit>> (0x00000000d5a68450) thrown at [C:\src\AOSP-openjdk-git\hotspot\src\share\vm\prims\jni.cpp, line 1615]
Event: 32.628 Thread 0x0000000019784000 Exception <a 'java/lang/NoSuchMethodError': <clinit>> (0x00000000d5a75a38) thrown at [C:\src\AOSP-openjdk-git\hotspot\src\share\vm\prims\jni.cpp, line 1615]
Event: 32.628 Thread 0x0000000019784000 Exception <a 'java/lang/NoSuchMethodError': <clinit>> (0x00000000d5a77c18) thrown at [C:\src\AOSP-openjdk-git\hotspot\src\share\vm\prims\jni.cpp, line 1615]
Event: 32.637 Thread 0x0000000019784000 Exception <a 'java/lang/NoSuchMethodError': <clinit>> (0x00000000d9aa9c98) thrown at [C:\src\AOSP-openjdk-git\hotspot\src\share\vm\prims\jni.cpp, line 1615]
Event: 32.661 Thread 0x0000000019784000 Exception <a 'java/lang/NoSuchMethodError': <clinit>> (0x00000000d9ab4070) thrown at [C:\src\AOSP-openjdk-git\hotspot\src\share\vm\prims\jni.cpp, line 1615]
Event: 32.710 Thread 0x0000000019784000 Exception <a 'java/lang/NoSuchMethodError': <clinit>> (0x00000000d9abd478) thrown at [C:\src\AOSP-openjdk-git\hotspot\src\share\vm\prims\jni.cpp, line 1615]
Event: 32.713 Thread 0x0000000019784000 Exception <a 'java/lang/NoSuchMethodError': <clinit>> (0x00000000d9ad3e98) thrown at [C:\src\AOSP-openjdk-git\hotspot\src\share\vm\prims\jni.cpp, line 1615]
Event: 32.713 Thread 0x0000000019784000 Exception <a 'java/lang/NoSuchMethodError': <clinit>> (0x00000000d9ad59d0) thrown at [C:\src\AOSP-openjdk-git\hotspot\src\share\vm\prims\jni.cpp, line 1615]
Event: 32.714 Thread 0x0000000019784000 Exception <a 'java/lang/NoSuchMethodError': <clinit>> (0x00000000d9ad79f8) thrown at [C:\src\AOSP-openjdk-git\hotspot\src\share\vm\prims\jni.cpp, line 1615]
Event: 32.743 Thread 0x000000001a35e000 Exception <a 'java/lang/NoSuchMethodError': <clinit>> (0x00000000d99054e8) thrown at [C:\src\AOSP-openjdk-git\hotspot\src\share\vm\prims\jni.cpp, line 1615]

Events (10 events):
Event: 32.899 loading class com/amazon/ion/impl/lite/IonLobLite
Event: 32.899 loading class com/amazon/ion/impl/lite/IonLobLite done
Event: 32.900 loading class com/amazon/ion/impl/lite/IonBlobLite
Event: 32.900 loading class com/amazon/ion/impl/lite/IonBlobLite done
Event: 32.901 loading class com/amazon/ion/impl/lite/IonListLite
Event: 32.901 loading class com/amazon/ion/impl/lite/IonListLite done
Event: 32.902 loading class com/amazon/ion/impl/lite/IonSequenceLite
Event: 32.902 loading class com/amazon/ion/impl/lite/IonSequenceLite done
Event: 32.903 loading class com/amazon/ion/impl/lite/IonContainerLite
Event: 32.903 loading class com/amazon/ion/impl/lite/IonContainerLite done


Dynamic libraries:
0x00007ff7b77a0000 - 0x00007ff7b77d1000 	C:\Program Files\Android\Android Studio\jre\bin\java.exe
0x00007ff8e84a0000 - 0x00007ff8e868d000 	C:\WINDOWS\SYSTEM32\ntdll.dll
0x00007ff8e5fa0000 - 0x00007ff8e6053000 	C:\WINDOWS\System32\KERNEL32.DLL
0x00007ff8e49b0000 - 0x00007ff8e4c44000 	C:\WINDOWS\System32\KERNELBASE.dll
0x00007ff8e56c0000 - 0x00007ff8e5763000 	C:\WINDOWS\System32\ADVAPI32.dll
0x00007ff8e7b20000 - 0x00007ff8e7bbe000 	C:\WINDOWS\System32\msvcrt.dll
0x00007ff8e8020000 - 0x00007ff8e80be000 	C:\WINDOWS\System32\sechost.dll
0x00007ff8e8340000 - 0x00007ff8e8462000 	C:\WINDOWS\System32\RPCRT4.dll
0x00007ff8e6420000 - 0x00007ff8e65b7000 	C:\WINDOWS\System32\USER32.dll
0x00007ff8e53d0000 - 0x00007ff8e53f0000 	C:\WINDOWS\System32\win32u.dll
0x00007ff8e6060000 - 0x00007ff8e6089000 	C:\WINDOWS\System32\GDI32.dll
0x00007ff8e54f0000 - 0x00007ff8e568b000 	C:\WINDOWS\System32\gdi32full.dll
0x00007ff8e47e0000 - 0x00007ff8e4880000 	C:\WINDOWS\System32\msvcp_win.dll
0x00007ff8e53f0000 - 0x00007ff8e54ea000 	C:\WINDOWS\System32\ucrtbase.dll
0x00007ff8dd2d0000 - 0x00007ff8dd549000 	C:\WINDOWS\WinSxS\amd64_microsoft.windows.common-controls_6595b64144ccf1df_6.0.17763.1397_none_de7645305346d5dc\COMCTL32.dll
0x00007ff8e7cf0000 - 0x00007ff8e801c000 	C:\WINDOWS\System32\combase.dll
0x00007ff8e4930000 - 0x00007ff8e49ae000 	C:\WINDOWS\System32\bcryptPrimitives.dll
0x00007ff8e6090000 - 0x00007ff8e60be000 	C:\WINDOWS\System32\IMM32.DLL
0x0000000072860000 - 0x0000000072932000 	C:\Program Files\Android\Android Studio\jre\jre\bin\msvcr100.dll
0x0000000074b40000 - 0x000000007538b000 	C:\Program Files\Android\Android Studio\jre\jre\bin\server\jvm.dll
0x00007ff8e61f0000 - 0x00007ff8e61f8000 	C:\WINDOWS\System32\PSAPI.DLL
0x00007ff8e10a0000 - 0x00007ff8e10c4000 	C:\WINDOWS\SYSTEM32\WINMM.dll
0x00007ff8df670000 - 0x00007ff8df67a000 	C:\WINDOWS\SYSTEM32\VERSION.dll
0x00007ff8a5c50000 - 0x00007ff8a5c59000 	C:\WINDOWS\SYSTEM32\WSOCK32.dll
0x00007ff8e80c0000 - 0x00007ff8e812d000 	C:\WINDOWS\System32\WS2_32.dll
0x00007ff8e1050000 - 0x00007ff8e107d000 	C:\WINDOWS\SYSTEM32\WINMMBASE.dll
0x00007ff8e4880000 - 0x00007ff8e48ca000 	C:\WINDOWS\System32\cfgmgr32.dll
0x00007ff8a5c40000 - 0x00007ff8a5c4f000 	C:\Program Files\Android\Android Studio\jre\jre\bin\verify.dll
0x00007ff89c1c0000 - 0x00007ff89c1e9000 	C:\Program Files\Android\Android Studio\jre\jre\bin\java.dll
0x00007ff89c1a0000 - 0x00007ff89c1b6000 	C:\Program Files\Android\Android Studio\jre\jre\bin\zip.dll
0x00007ff8e65c0000 - 0x00007ff8e7ab8000 	C:\WINDOWS\System32\SHELL32.dll
0x00007ff8e7bc0000 - 0x00007ff8e7c69000 	C:\WINDOWS\System32\shcore.dll
0x00007ff8e4c70000 - 0x00007ff8e53c3000 	C:\WINDOWS\System32\windows.storage.dll
0x00007ff8e44a0000 - 0x00007ff8e44c4000 	C:\WINDOWS\System32\profapi.dll
0x00007ff8e44d0000 - 0x00007ff8e452d000 	C:\WINDOWS\System32\powrprof.dll
0x00007ff8e5ca0000 - 0x00007ff8e5cf2000 	C:\WINDOWS\System32\shlwapi.dll
0x00007ff8e4530000 - 0x00007ff8e4541000 	C:\WINDOWS\System32\kernel.appcore.dll
0x00007ff8e4c50000 - 0x00007ff8e4c67000 	C:\WINDOWS\System32\cryptsp.dll
0x00007ff89c140000 - 0x00007ff89c15a000 	C:\Program Files\Android\Android Studio\jre\jre\bin\net.dll
0x00007ff8e3c80000 - 0x00007ff8e3ce7000 	C:\WINDOWS\system32\mswsock.dll
0x00007ff89c120000 - 0x00007ff89c133000 	C:\Program Files\Android\Android Studio\jre\jre\bin\nio.dll
0x00007ff8bfad0000 - 0x00007ff8bfaf7000 	C:\Users\Sai Sankar\.gradle\native\f6784746aeab05261644944871eae4fe03e0ef1612fff0a4a95f87b438bc6780\windows-amd64\native-platform.dll
0x00007ff89c110000 - 0x00007ff89c11d000 	C:\Program Files\Android\Android Studio\jre\jre\bin\management.dll
0x00007ff8e3800000 - 0x00007ff8e3833000 	C:\WINDOWS\system32\rsaenh.dll
0x00007ff8e5690000 - 0x00007ff8e56b6000 	C:\WINDOWS\System32\bcrypt.dll
0x00007ff8e43b0000 - 0x00007ff8e43d8000 	C:\WINDOWS\SYSTEM32\USERENV.dll
0x00007ff8e3e50000 - 0x00007ff8e3e5c000 	C:\WINDOWS\SYSTEM32\CRYPTBASE.dll
0x00007ff8e39a0000 - 0x00007ff8e39dd000 	C:\WINDOWS\SYSTEM32\IPHLPAPI.DLL
0x00007ff8e6260000 - 0x00007ff8e6268000 	C:\WINDOWS\System32\NSI.dll
0x00007ff8dc960000 - 0x00007ff8dc976000 	C:\WINDOWS\SYSTEM32\dhcpcsvc6.DLL
0x00007ff8dcda0000 - 0x00007ff8dcdbc000 	C:\WINDOWS\SYSTEM32\dhcpcsvc.DLL
0x00007ff8e3a30000 - 0x00007ff8e3af7000 	C:\WINDOWS\SYSTEM32\DNSAPI.dll
0x00007ff8decd0000 - 0x00007ff8decdb000 	C:\WINDOWS\SYSTEM32\WINNSI.DLL
0x00007ff8d4bb0000 - 0x00007ff8d4d9d000 	C:\WINDOWS\SYSTEM32\dbghelp.dll

VM Arguments:
jvm_args: -Xmx2048m -Dfile.encoding=UTF-8 -Duser.country=IN -Duser.language=en -Duser.variant 
java_command: org.gradle.launcher.daemon.bootstrap.GradleDaemon 6.5
java_class_path (initial): C:\Users\Sai Sankar\.gradle\wrapper\dists\gradle-6.5-bin\6nifqtx7604sqp1q6g8wikw7p\gradle-6.5\lib\gradle-launcher-6.5.jar
Launcher Type: SUN_STANDARD

Environment Variables:
CLASSPATH=C:\Program Files\Java\jre1.8.0_271\lib;
PATH=C:\WINDOWS\system32;C:\WINDOWS;C:\WINDOWS\System32\Wbem;C:\WINDOWS\System32\WindowsPowerShell\v1.0\;C:\WINDOWS\System32\OpenSSH\;C:\Users\Sai Sankar\AppData\Local\Programs\Python\Python37\;C:\Users\Sai Sankar\AppData\Local\Programs\Python\Python37\Scripts;C:\Program Files\Git\cmd;C:\Program Files\dotnet\;C:\Program Files\Microsoft SQL Server\Client SDK\ODBC\170\Tools\Binn\;C:\Program Files\Microsoft SQL Server\Client SDK\ODBC\130\Tools\Binn\;C:\Program Files (x86)\Microsoft SQL Server\140\Tools\Binn\;C:\Program Files\Microsoft SQL Server\140\Tools\Binn\;C:\Program Files\Microsoft SQL Server\140\DTS\Binn\;C:\Program Files (x86)\Microsoft SQL Server\150\DTS\Binn\;C:\Program Files\MongoDB\Server\4.2\bin;C:\Program Files\nodejs\;C:\Program Files\Java\jdk1.8.0_271\bin;C:\Users\Sai Sankar\AppData\Local\Microsoft\WindowsApps;C:\Program Files\JetBrains\IntelliJ IDEA Community Edition 2019.2.4\bin;;C:\Users\Sai Sankar\AppData\Local\Programs\Microsoft VS Code\bin;C:\Users\Sai Sankar\AppData\Roaming\npm;C:\Program Files\Java\jdk1.8.0_271\bin;
USERNAME=Sai Sankar
OS=Windows_NT
PROCESSOR_IDENTIFIER=Intel64 Family 6 Model 42 Stepping 7, GenuineIntel



---------------  S Y S T E M  ---------------

OS: Windows 10.0 , 64 bit Build 17763 (10.0.17763.1339)

CPU:total 4 (initial active 4) (2 cores per cpu, 2 threads per core) family 6 model 42 stepping 7, cmov, cx8, fxsr, mmx, sse, sse2, sse3, ssse3, sse4.1, sse4.2, popcnt, avx, aes, clmul, ht, tsc, tscinvbit

Memory: 4k page, physical 8370028k(1688440k free), swap 14399340k(4651452k free)

vm_info: OpenJDK 64-Bit Server VM (25.242-b01) for windows-amd64 JRE (1.8.0_242-release-1644-b01), built by "builder" with MS VC++ 10.0 (VS2010)

time: Wed Dec 30 08:30:47 2020
timezone: India Standard Time
elapsed time: 33 seconds (0d 0h 0m 33s)

